{
  "stats": {
    "suites": 0,
    "tests": 3,
    "passes": 3,
    "pending": 0,
    "failures": 0,
    "start": "2023-09-07T16:37:41.075Z",
    "end": "2023-09-07T16:37:48.541Z",
    "duration": 7466,
    "testsRegistered": 3,
    "passPercent": 100,
    "pendingPercent": 0,
    "other": 0,
    "hasOther": false,
    "skipped": 0,
    "hasSkipped": false
  },
  "results": [
    {
      "uuid": "5122a308-1f36-4f5a-babc-02ca0c45ebaf",
      "title": "",
      "fullFile": "cypress/integration/TS001_Login.ts",
      "file": "cypress/integration/TS001_Login.ts",
      "beforeHooks": [],
      "afterHooks": [],
      "tests": [
        {
          "title": "Test LOGIN",
          "fullTitle": "Test LOGIN",
          "timedOut": null,
          "duration": 2893,
          "state": "passed",
          "speed": "fast",
          "pass": true,
          "fail": false,
          "pending": false,
          "context": null,
          "code": "loginPage.login(URL, 'standard_user', 'secret_sauce');\nloginPage.assertLogin();",
          "err": {},
          "uuid": "9371c686-fae9-4239-98a2-330cbb06d553",
          "parentUUID": "5122a308-1f36-4f5a-babc-02ca0c45ebaf",
          "isHook": false,
          "skipped": false
        },
        {
          "title": "Test Sauce Demo Invalid Password",
          "fullTitle": "Test Sauce Demo Invalid Password",
          "timedOut": null,
          "duration": 1167,
          "state": "passed",
          "speed": "fast",
          "pass": true,
          "fail": false,
          "pending": false,
          "context": null,
          "code": "loginPage.login(URL, 'standard_user', 'invalidPass');\nloginPage.assertLoginFail();",
          "err": {},
          "uuid": "7e1591fd-1eb1-439c-af47-8a916f3c4ad1",
          "parentUUID": "5122a308-1f36-4f5a-babc-02ca0c45ebaf",
          "isHook": false,
          "skipped": false
        },
        {
          "title": "Test Sauce Demo Sauce labs product backpack",
          "fullTitle": "Test Sauce Demo Sauce labs product backpack",
          "timedOut": null,
          "duration": 1115,
          "state": "passed",
          "speed": "fast",
          "pass": true,
          "fail": false,
          "pending": false,
          "context": null,
          "code": "loginPage.login(URL, 'standard_user', 'secret_sauce');\nloginPage.assertLogin();\ndashboardPage.sauceLabsBackpack();",
          "err": {},
          "uuid": "d9727e06-2c27-4fab-b340-3b23fb8a8080",
          "parentUUID": "5122a308-1f36-4f5a-babc-02ca0c45ebaf",
          "isHook": false,
          "skipped": false
        }
      ],
      "suites": [],
      "passes": [
        "9371c686-fae9-4239-98a2-330cbb06d553",
        "7e1591fd-1eb1-439c-af47-8a916f3c4ad1",
        "d9727e06-2c27-4fab-b340-3b23fb8a8080"
      ],
      "failures": [],
      "pending": [],
      "skipped": [],
      "duration": 5175,
      "root": true,
      "rootEmpty": false,
      "_timeout": 2000
    }
  ],
  "meta": {
    "mocha": {
      "version": "7.0.1"
    },
    "mochawesome": {
      "options": {
        "quiet": false,
        "reportFilename": "mochawesome",
        "saveHtml": false,
        "saveJson": true,
        "consoleReporter": "spec",
        "useInlineDiffs": false,
        "code": true
      },
      "version": "7.1.3"
    },
    "marge": {
      "options": {
        "chart": true,
        "overwrite": false,
        "html": false,
        "json": true,
        "reportDir": "cypress/reports"
      },
      "version": "6.2.0"
    }
  }
}