{
  "stats": {
    "suites": 0,
    "tests": 1,
    "passes": 1,
    "pending": 0,
    "failures": 0,
    "start": "2023-09-07T16:37:54.746Z",
    "end": "2023-09-07T16:38:01.646Z",
    "duration": 6900,
    "testsRegistered": 1,
    "passPercent": 100,
    "pendingPercent": 0,
    "other": 0,
    "hasOther": false,
    "skipped": 0,
    "hasSkipped": false
  },
  "results": [
    {
      "uuid": "a49499ad-f329-45d0-963e-0fdb2df15d61",
      "title": "",
      "fullFile": "cypress/integration/TS002_AddToCart.ts",
      "file": "cypress/integration/TS002_AddToCart.ts",
      "beforeHooks": [],
      "afterHooks": [],
      "tests": [
        {
          "title": "User want to add product to cart",
          "fullTitle": "User want to add product to cart",
          "timedOut": null,
          "duration": 3947,
          "state": "passed",
          "speed": "fast",
          "pass": true,
          "fail": false,
          "pending": false,
          "context": null,
          "code": "loginPage.login(URL, 'standard_user', 'secret_sauce');\ndashboardPage.sauceLabsBackpack();\nproductDetailPage.clickAddtoCart();\nproductDetailPage.clickbtnCart();\ncy.wait(1000);\ncartPage.verifyProduct();",
          "err": {},
          "uuid": "983a4506-a735-40db-af81-148070691410",
          "parentUUID": "a49499ad-f329-45d0-963e-0fdb2df15d61",
          "isHook": false,
          "skipped": false
        }
      ],
      "suites": [],
      "passes": [
        "983a4506-a735-40db-af81-148070691410"
      ],
      "failures": [],
      "pending": [],
      "skipped": [],
      "duration": 3947,
      "root": true,
      "rootEmpty": false,
      "_timeout": 2000
    }
  ],
  "meta": {
    "mocha": {
      "version": "7.0.1"
    },
    "mochawesome": {
      "options": {
        "quiet": false,
        "reportFilename": "mochawesome",
        "saveHtml": false,
        "saveJson": true,
        "consoleReporter": "spec",
        "useInlineDiffs": false,
        "code": true
      },
      "version": "7.1.3"
    },
    "marge": {
      "options": {
        "chart": true,
        "overwrite": false,
        "html": false,
        "json": true,
        "reportDir": "cypress/reports"
      },
      "version": "6.2.0"
    }
  }
}