{
  "stats": {
    "suites": 0,
    "tests": 1,
    "passes": 1,
    "pending": 0,
    "failures": 0,
    "start": "2023-09-07T16:38:08.341Z",
    "end": "2023-09-07T16:38:15.418Z",
    "duration": 7077,
    "testsRegistered": 1,
    "passPercent": 100,
    "pendingPercent": 0,
    "other": 0,
    "hasOther": false,
    "skipped": 0,
    "hasSkipped": false
  },
  "results": [
    {
      "uuid": "7c065615-687d-4d50-977f-c2c7bd3877af",
      "title": "",
      "fullFile": "cypress/integration/TS003_Checkout.ts",
      "file": "cypress/integration/TS003_Checkout.ts",
      "beforeHooks": [],
      "afterHooks": [],
      "tests": [
        {
          "title": "User want to add product to cart",
          "fullTitle": "User want to add product to cart",
          "timedOut": null,
          "duration": 4068,
          "state": "passed",
          "speed": "fast",
          "pass": true,
          "fail": false,
          "pending": false,
          "context": null,
          "code": "loginPage.login(URL, 'standard_user', 'secret_sauce');\ndashboardPage.sauceLabsBackpack();\nproductDetailPage.addtoCart();\ncartPage.clickCheckout();\ncheckoutInformationPage.inputData('Sofia', 'Awiliyah', '40552');\ncheckoutOverviewPage.clickbtnFinish();\ncheckoutCompletePage.verifyOrderSuccess();",
          "err": {},
          "uuid": "97b043f2-0091-4e10-8aea-4c231c1efc3c",
          "parentUUID": "7c065615-687d-4d50-977f-c2c7bd3877af",
          "isHook": false,
          "skipped": false
        }
      ],
      "suites": [],
      "passes": [
        "97b043f2-0091-4e10-8aea-4c231c1efc3c"
      ],
      "failures": [],
      "pending": [],
      "skipped": [],
      "duration": 4068,
      "root": true,
      "rootEmpty": false,
      "_timeout": 2000
    }
  ],
  "meta": {
    "mocha": {
      "version": "7.0.1"
    },
    "mochawesome": {
      "options": {
        "quiet": false,
        "reportFilename": "mochawesome",
        "saveHtml": false,
        "saveJson": true,
        "consoleReporter": "spec",
        "useInlineDiffs": false,
        "code": true
      },
      "version": "7.1.3"
    },
    "marge": {
      "options": {
        "chart": true,
        "overwrite": false,
        "html": false,
        "json": true,
        "reportDir": "cypress/reports"
      },
      "version": "6.2.0"
    }
  }
}