{
  "stats": {
    "suites": 0,
    "tests": 1,
    "passes": 1,
    "pending": 0,
    "failures": 0,
    "start": "2023-09-07T16:32:57.406Z",
    "end": "2023-09-07T16:33:02.991Z",
    "duration": 5585,
    "testsRegistered": 1,
    "passPercent": 100,
    "pendingPercent": 0,
    "other": 0,
    "hasOther": false,
    "skipped": 0,
    "hasSkipped": false
  },
  "results": [
    {
      "uuid": "f636746b-a766-43dd-b6c4-f991d88278a1",
      "title": "",
      "fullFile": "cypress/integration/TS003_Checkout.ts",
      "file": "cypress/integration/TS003_Checkout.ts",
      "beforeHooks": [],
      "afterHooks": [],
      "tests": [
        {
          "title": "User want to add product to cart",
          "fullTitle": "User want to add product to cart",
          "timedOut": null,
          "duration": 3607,
          "state": "passed",
          "speed": "fast",
          "pass": true,
          "fail": false,
          "pending": false,
          "context": null,
          "code": "loginPage.login(URL, 'standard_user', 'secret_sauce');\ndashboardPage.sauceLabsBackpack();\nproductDetailPage.addtoCart();\ncartPage.clickCheckout();\ncheckoutInformationPage.inputData('Sofia', 'Awiliyah', '40552');\ncheckoutOverviewPage.clickbtnFinish();\ncheckoutCompletePage.verifyOrderSuccess();",
          "err": {},
          "uuid": "b9b715ec-df5d-421f-9acc-07856b3d53d7",
          "parentUUID": "f636746b-a766-43dd-b6c4-f991d88278a1",
          "isHook": false,
          "skipped": false
        }
      ],
      "suites": [],
      "passes": [
        "b9b715ec-df5d-421f-9acc-07856b3d53d7"
      ],
      "failures": [],
      "pending": [],
      "skipped": [],
      "duration": 3607,
      "root": true,
      "rootEmpty": false,
      "_timeout": 2000
    }
  ],
  "meta": {
    "mocha": {
      "version": "7.0.1"
    },
    "mochawesome": {
      "options": {
        "quiet": false,
        "reportFilename": "mochawesome",
        "saveHtml": false,
        "saveJson": true,
        "consoleReporter": "spec",
        "useInlineDiffs": false,
        "code": true
      },
      "version": "7.1.3"
    },
    "marge": {
      "options": {
        "chart": true,
        "overwrite": false,
        "html": false,
        "json": true,
        "reportDir": "cypress/reports"
      },
      "version": "6.2.0"
    }
  }
}