{
  "stats": {
    "suites": 0,
    "tests": 3,
    "passes": 3,
    "pending": 0,
    "failures": 0,
    "start": "2023-09-07T16:32:34.783Z",
    "end": "2023-09-07T16:32:42.971Z",
    "duration": 8188,
    "testsRegistered": 3,
    "passPercent": 100,
    "pendingPercent": 0,
    "other": 0,
    "hasOther": false,
    "skipped": 0,
    "hasSkipped": false
  },
  "results": [
    {
      "uuid": "9930aa30-2465-435b-90ae-4f955f25ff2d",
      "title": "",
      "fullFile": "cypress/integration/TS001_Login.ts",
      "file": "cypress/integration/TS001_Login.ts",
      "beforeHooks": [],
      "afterHooks": [],
      "tests": [
        {
          "title": "Test LOGIN",
          "fullTitle": "Test LOGIN",
          "timedOut": null,
          "duration": 3126,
          "state": "passed",
          "speed": "fast",
          "pass": true,
          "fail": false,
          "pending": false,
          "context": null,
          "code": "loginPage.login(URL, 'standard_user', 'secret_sauce');\nloginPage.assertLogin();",
          "err": {},
          "uuid": "f12bcca7-d607-406c-aa36-aa1e1a7f7239",
          "parentUUID": "9930aa30-2465-435b-90ae-4f955f25ff2d",
          "isHook": false,
          "skipped": false
        },
        {
          "title": "Test Sauce Demo Invalid Password",
          "fullTitle": "Test Sauce Demo Invalid Password",
          "timedOut": null,
          "duration": 1217,
          "state": "passed",
          "speed": "fast",
          "pass": true,
          "fail": false,
          "pending": false,
          "context": null,
          "code": "loginPage.login(URL, 'standard_user', 'invalidPass');\nloginPage.assertLoginFail();",
          "err": {},
          "uuid": "67cb3106-1ef8-4b87-a5f0-d1a5afcfbb9c",
          "parentUUID": "9930aa30-2465-435b-90ae-4f955f25ff2d",
          "isHook": false,
          "skipped": false
        },
        {
          "title": "Test Sauce Demo Sauce labs product backpack",
          "fullTitle": "Test Sauce Demo Sauce labs product backpack",
          "timedOut": null,
          "duration": 1308,
          "state": "passed",
          "speed": "fast",
          "pass": true,
          "fail": false,
          "pending": false,
          "context": null,
          "code": "loginPage.login(URL, 'standard_user', 'secret_sauce');\nloginPage.assertLogin();\ndashboardPage.sauceLabsBackpack();",
          "err": {},
          "uuid": "a7170b18-6c55-4664-9366-39cd0036b184",
          "parentUUID": "9930aa30-2465-435b-90ae-4f955f25ff2d",
          "isHook": false,
          "skipped": false
        }
      ],
      "suites": [],
      "passes": [
        "f12bcca7-d607-406c-aa36-aa1e1a7f7239",
        "67cb3106-1ef8-4b87-a5f0-d1a5afcfbb9c",
        "a7170b18-6c55-4664-9366-39cd0036b184"
      ],
      "failures": [],
      "pending": [],
      "skipped": [],
      "duration": 5651,
      "root": true,
      "rootEmpty": false,
      "_timeout": 2000
    }
  ],
  "meta": {
    "mocha": {
      "version": "7.0.1"
    },
    "mochawesome": {
      "options": {
        "quiet": false,
        "reportFilename": "mochawesome",
        "saveHtml": false,
        "saveJson": true,
        "consoleReporter": "spec",
        "useInlineDiffs": false,
        "code": true
      },
      "version": "7.1.3"
    },
    "marge": {
      "options": {
        "chart": true,
        "overwrite": false,
        "html": false,
        "json": true,
        "reportDir": "cypress/reports"
      },
      "version": "6.2.0"
    }
  }
}