{
  "stats": {
    "suites": 0,
    "tests": 1,
    "passes": 1,
    "pending": 0,
    "failures": 0,
    "start": "2023-09-07T16:29:11.928Z",
    "end": "2023-09-07T16:29:17.716Z",
    "duration": 5788,
    "testsRegistered": 1,
    "passPercent": 100,
    "pendingPercent": 0,
    "other": 0,
    "hasOther": false,
    "skipped": 0,
    "hasSkipped": false
  },
  "results": [
    {
      "uuid": "2c76217a-aa43-44ad-9e0c-9d30659aad5b",
      "title": "",
      "fullFile": "cypress/integration/checkout.ts",
      "file": "cypress/integration/checkout.ts",
      "beforeHooks": [],
      "afterHooks": [],
      "tests": [
        {
          "title": "User want to add product to cart",
          "fullTitle": "User want to add product to cart",
          "timedOut": null,
          "duration": 3804,
          "state": "passed",
          "speed": "fast",
          "pass": true,
          "fail": false,
          "pending": false,
          "context": null,
          "code": "loginPage.login(URL, 'standard_user', 'secret_sauce');\ndashboardPage.sauceLabsBackpack();\nproductDetailPage.addtoCart();\ncartPage.clickCheckout();\ncheckoutInformationPage.inputData('Sofia', 'Awiliyah', '40552');\ncheckoutOverviewPage.clickbtnFinish();\ncheckoutCompletePage.verifyOrderSuccess();",
          "err": {},
          "uuid": "f4eb7d03-86c1-42ae-943b-3323f6d9c82c",
          "parentUUID": "2c76217a-aa43-44ad-9e0c-9d30659aad5b",
          "isHook": false,
          "skipped": false
        }
      ],
      "suites": [],
      "passes": [
        "f4eb7d03-86c1-42ae-943b-3323f6d9c82c"
      ],
      "failures": [],
      "pending": [],
      "skipped": [],
      "duration": 3804,
      "root": true,
      "rootEmpty": false,
      "_timeout": 2000
    }
  ],
  "meta": {
    "mocha": {
      "version": "7.0.1"
    },
    "mochawesome": {
      "options": {
        "quiet": false,
        "reportFilename": "mochawesome",
        "saveHtml": false,
        "saveJson": true,
        "consoleReporter": "spec",
        "useInlineDiffs": false,
        "code": true
      },
      "version": "7.1.3"
    },
    "marge": {
      "options": {
        "chart": true,
        "overwrite": false,
        "html": false,
        "json": true,
        "reportDir": "cypress/reports"
      },
      "version": "6.2.0"
    }
  }
}